<?xml version="1.0" encoding="UTF-8"?>
<!-- Generated by org.testng.reporters.JUnitXMLReporter -->
<testsuite hostname="DESKTOP-HSLJFSJ" ignored="0" name="keyword" tests="3" failures="0" timestamp="2022-06-24T09:19:21 IST" time="69.502" errors="0">
  <testcase name="TestCaseGoogleSearch" time="32.838" classname="com.amrut1.DataProviderDemo"/>
  <testcase name="TestCaseGoogleSearch" time="18.096" classname="com.amrut1.DataProviderDemo"/>
  <testcase name="TestCaseGoogleSearch" time="18.479" classname="com.amrut1.DataProviderDemo"/>
</testsuite> <!-- keyword -->
