<?xml version="1.0" encoding="UTF-8"?>
<!-- Generated by org.testng.reporters.JUnitXMLReporter -->
<testsuite hostname="DESKTOP-HSLJFSJ" ignored="0" name="keyword" tests="3" failures="0" timestamp="2022-08-16T17:46:21 IST" time="78.516" errors="0">
  <testcase name="TestCaseGoogleSearch" time="20.658" classname="com.amrut1.DataProviderDemo"/>
  <testcase name="TestCaseGoogleSearch" time="15.986" classname="com.amrut1.DataProviderDemo"/>
  <testcase name="TestCaseGoogleSearch" time="41.663" classname="com.amrut1.DataProviderDemo"/>
</testsuite> <!-- keyword -->
