<?xml version="1.0" encoding="UTF-8"?>
<testng-results skipped="0" failed="0" ignored="0" total="0" passed="0">
  <reporter-output>
  </reporter-output>
  <suite name="Surefire suite" duration-ms="2037" started-at="2022-08-14T13:02:43 IST" finished-at="2022-08-14T13:02:45 IST">
    <groups>
      <group name="cucumber">
        <method signature="AbstractTestNGCucumberTests.runScenario(io.cucumber.testng.PickleWrapper,io.cucumber.testng.FeatureWrapper)[pri:0, instance:testRunner.TestRunner@7f416310]" name="runScenario" class="io.cucumber.testng.AbstractTestNGCucumberTests"/>
      </group> <!-- cucumber -->
    </groups>
    <test name="Surefire test" duration-ms="2037" started-at="2022-08-14T13:02:43 IST" finished-at="2022-08-14T13:02:45 IST">
      <class name="testRunner.TestRunner">
        <test-method status="PASS" signature="setUpClass(org.testng.ITestContext)[pri:0, instance:testRunner.TestRunner@7f416310]" name="setUpClass" is-config="true" duration-ms="1817" started-at="2022-08-14T13:02:43 IST" finished-at="2022-08-14T13:02:45 IST">
          <params>
            <param index="0">
              <value>
                <![CDATA[org.testng.TestRunner@9d5509a]]>
              </value>
            </param>
          </params>
          <reporter-output>
          </reporter-output>
        </test-method> <!-- setUpClass -->
        <test-method status="PASS" signature="tearDownClass()[pri:0, instance:testRunner.TestRunner@7f416310]" name="tearDownClass" is-config="true" duration-ms="151" started-at="2022-08-14T13:02:45 IST" finished-at="2022-08-14T13:02:45 IST">
          <reporter-output>
          </reporter-output>
        </test-method> <!-- tearDownClass -->
      </class> <!-- testRunner.TestRunner -->
    </test> <!-- Surefire test -->
  </suite> <!-- Surefire suite -->
</testng-results>
