<?xml version="1.0" encoding="UTF-8"?>
<!-- Generated by org.testng.reporters.JUnitXMLReporter -->
<testsuite hostname="DESKTOP-HSLJFSJ" ignored="0" name="Testing Parameterization" tests="4" failures="0" timestamp="2022-06-22T10:58:10 IST" time="170.861" errors="0">
  <testcase name="testCaseOne" time="0.027" classname="advancexml.Parameterization"/>
  <testcase name="testCase2" time="0.002" classname="advancexml.Parameterization"/>
  <testcase name="vtigerlogin" time="86.159" classname="advancexml.Parameterization"/>
  <testcase name="Actitimelogin" time="84.581" classname="advancexml.Parameterization"/>
</testsuite> <!-- Testing Parameterization -->
