<?xml version="1.0" encoding="UTF-8"?>
<!-- Generated by org.testng.reporters.JUnitReportReporter -->
<testsuite skipped="0" hostname="DESKTOP-HSLJFSJ" name="runner.LoginRunner" tests="3" failures="1" timestamp="2022-08-24T19:14:57 IST" time="125.189" errors="0">
  <testcase name="runScenario" time="91.820" classname="runner.LoginRunner"/>
  <system-out/>
  <testcase name="runScenario" time="21.638" classname="runner.LoginRunner"/>
  <system-out/>
  <testcase name="runScenario" time="11.731" classname="runner.LoginRunner">
    <failure type="java.lang.AssertionError" message="expected [Your store. Login] but found [Dashboard / nopCommerce administration]">
      <![CDATA[java.lang.AssertionError: expected [Your store. Login] but found [Dashboard / nopCommerce administration]
at org.testng.Assert.fail(Assert.java:99)
at org.testng.Assert.failNotEquals(Assert.java:1037)
at org.testng.Assert.assertEqualsImpl(Assert.java:140)
at org.testng.Assert.assertEquals(Assert.java:122)
at org.testng.Assert.assertEquals(Assert.java:629)
at org.testng.Assert.assertEquals(Assert.java:639)
at loginStepDef.LoginStefdef.the_page_title_should_be_a_dashboard(LoginStefdef.java:63)
at ✽.The page title should be a dashboard "Dashboard / nopCommerce administration"(file:///C:/Users/amrut%20mahale/new2018/eclipse-workspace/maven4/src/test/resources/features/login1.feature:21)
]]>
    </failure>
  </testcase> <!-- runScenario -->
  <system-out/>
</testsuite> <!-- runner.LoginRunner -->
